[debug] [2025-09-04T11:55:03.081Z] ----------------------------------------------------------------------
[debug] [2025-09-04T11:55:03.084Z] Command:       C:\Program Files\nodejs\node.exe C:\Users\d.hamache\AppData\Roaming\npm\node_modules\firebase-tools\lib\bin\firebase.js init functions
[debug] [2025-09-04T11:55:03.084Z] CLI Version:   14.15.2
[debug] [2025-09-04T11:55:03.084Z] Platform:      win32
[debug] [2025-09-04T11:55:03.084Z] Node Version:  v22.14.0
[debug] [2025-09-04T11:55:03.085Z] Time:          Thu Sep 04 2025 13:55:03 GMT+0200 (heure d’été d’Europe centrale)
[debug] [2025-09-04T11:55:03.085Z] ----------------------------------------------------------------------
[debug] 
[debug] [2025-09-04T11:55:03.094Z] > command requires scopes: ["email","openid","https://www.googleapis.com/auth/cloudplatformprojects.readonly","https://www.googleapis.com/auth/firebase","https://www.googleapis.com/auth/cloud-platform"]
[debug] [2025-09-04T11:55:03.096Z] > authorizing via signed-in user (d.hamache@lixon.net)
[info] 
     ######## #### ########  ######## ########     ###     ######  ########
     ##        ##  ##     ## ##       ##     ##  ##   ##  ##       ##
     ######    ##  ########  ######   ########  #########  ######  ######
     ##        ##  ##    ##  ##       ##     ## ##     ##       ## ##
     ##       #### ##     ## ######## ########  ##     ##  ######  ########

You're about to initialize a Firebase project in this directory:

  C:\Users\d.hamache\OneDrive - LIXON S.A\Bureau\Perso\GAIS\PHYSIOBORN\physioborn-site

[info] 
=== Project Setup
[info] 
[info] First, let's associate this project directory with a Firebase project.
[info] You can create multiple project aliases by running firebase use --add, 
[info] but for now we'll just set up a default project.
[info] 
